[2025-09-29 14:55:36] Proxy fayl topilmadi
[2025-09-29 14:55:36] === ID=21 Region=15 Warehouse=1211 Mask=9989**0*0*0* ===
[2025-09-29 14:55:38] GET https://nomer.beeline.uz/msapi/web/rms/phone-numbers/?page=0&size=100&warehouse_code=1211&phone_number_mask=9989**0*0*0* (attempt=1)
[2025-09-29 14:55:41] === ID=22 Region=15 Warehouse=1211 Mask=9989***0*0*0 ===
[2025-09-29 14:55:43] GET https://nomer.beeline.uz/msapi/web/rms/phone-numbers/?page=0&size=100&warehouse_code=1211&phone_number_mask=9989***0*0*0 (attempt=1)
[2025-09-29 14:55:44] GET https://nomer.beeline.uz/msapi/web/rms/phone-numbers/?page=1&size=100&warehouse_code=1211&phone_number_mask=9989***0*0*0 (attempt=1)
[2025-09-29 14:55:44] [ID=22] page=2 yozildi
[2025-09-29 14:55:51] === ID=23 Region=15 Warehouse=1211 Mask=9989***000*0 ===
[2025-09-29 14:55:52] GET https://nomer.beeline.uz/msapi/web/rms/phone-numbers/?page=0&size=100&warehouse_code=1211&phone_number_mask=9989***000*0 (attempt=1)
[2025-09-29 14:55:55] === ID=24 Region=15 Warehouse=1211 Mask=9989***100*1 ===
[2025-09-29 14:55:55] GET https://nomer.beeline.uz/msapi/web/rms/phone-numbers/?page=0&size=100&warehouse_code=1211&phone_number_mask=9989***100*1 (attempt=1)
[2025-09-29 14:55:58] === ID=25 Region=15 Warehouse=1211 Mask=9989***200*2 ===
[2025-09-29 14:56:00] GET https://nomer.beeline.uz/msapi/web/rms/phone-numbers/?page=0&size=100&warehouse_code=1211&phone_number_mask=9989***200*2 (attempt=1)
[2025-09-29 14:56:02] === ID=26 Region=15 Warehouse=1211 Mask=9989***300*3 ===
[2025-09-29 14:56:04] GET https://nomer.beeline.uz/msapi/web/rms/phone-numbers/?page=0&size=100&warehouse_code=1211&phone_number_mask=9989***300*3 (attempt=1)
[2025-09-29 14:56:08] === ID=27 Region=15 Warehouse=1211 Mask=9989***400*4 ===
[2025-09-29 14:56:09] GET https://nomer.beeline.uz/msapi/web/rms/phone-numbers/?page=0&size=100&warehouse_code=1211&phone_number_mask=9989***400*4 (attempt=1)
[2025-09-29 14:56:13] === ID=28 Region=15 Warehouse=1211 Mask=9989***500*5 ===
[2025-09-29 14:56:15] GET https://nomer.beeline.uz/msapi/web/rms/phone-numbers/?page=0&size=100&warehouse_code=1211&phone_number_mask=9989***500*5 (attempt=1)
[2025-09-29 14:56:18] === ID=29 Region=15 Warehouse=1211 Mask=9989***600*6 ===
[2025-09-29 14:56:19] GET https://nomer.beeline.uz/msapi/web/rms/phone-numbers/?page=0&size=100&warehouse_code=1211&phone_number_mask=9989***600*6 (attempt=1)
[2025-09-29 14:56:23] === ID=30 Region=15 Warehouse=1211 Mask=9989***700*7 ===
[2025-09-29 14:56:24] GET https://nomer.beeline.uz/msapi/web/rms/phone-numbers/?page=0&size=100&warehouse_code=1211&phone_number_mask=9989***700*7 (attempt=1)
[2025-09-29 14:56:27] === ID=31 Region=15 Warehouse=1211 Mask=9989***800*8 ===
[2025-09-29 14:56:28] GET https://nomer.beeline.uz/msapi/web/rms/phone-numbers/?page=0&size=100&warehouse_code=1211&phone_number_mask=9989***800*8 (attempt=1)
[2025-09-29 14:56:31] === ID=32 Region=15 Warehouse=1211 Mask=9989***900*9 ===
[2025-09-29 14:56:33] GET https://nomer.beeline.uz/msapi/web/rms/phone-numbers/?page=0&size=100&warehouse_code=1211&phone_number_mask=9989***900*9 (attempt=1)
[2025-09-29 14:56:36] === ID=33 Region=15 Warehouse=1211 Mask=9989***0*000 ===
[2025-09-29 14:56:38] GET https://nomer.beeline.uz/msapi/web/rms/phone-numbers/?page=0&size=100&warehouse_code=1211&phone_number_mask=9989***0*000 (attempt=1)
[2025-09-29 14:56:40] === ID=34 Region=15 Warehouse=1211 Mask=9989***1*100 ===
[2025-09-29 14:56:43] GET https://nomer.beeline.uz/msapi/web/rms/phone-numbers/?page=0&size=100&warehouse_code=1211&phone_number_mask=9989***1*100 (attempt=1)
[2025-09-29 14:56:45] === ID=35 Region=15 Warehouse=1211 Mask=9989***2*200 ===
[2025-09-29 14:56:47] GET https://nomer.beeline.uz/msapi/web/rms/phone-numbers/?page=0&size=100&warehouse_code=1211&phone_number_mask=9989***2*200 (attempt=1)
[2025-09-29 14:56:50] === ID=36 Region=15 Warehouse=1211 Mask=9989***3*300 ===
[2025-09-29 14:56:51] GET https://nomer.beeline.uz/msapi/web/rms/phone-numbers/?page=0&size=100&warehouse_code=1211&phone_number_mask=9989***3*300 (attempt=1)
[2025-09-29 14:56:54] === ID=37 Region=15 Warehouse=1211 Mask=9989***4*400 ===
[2025-09-29 14:56:55] GET https://nomer.beeline.uz/msapi/web/rms/phone-numbers/?page=0&size=100&warehouse_code=1211&phone_number_mask=9989***4*400 (attempt=1)
[2025-09-29 14:56:58] === ID=38 Region=15 Warehouse=1211 Mask=9989***5*500 ===
[2025-09-29 14:57:00] GET https://nomer.beeline.uz/msapi/web/rms/phone-numbers/?page=0&size=100&warehouse_code=1211&phone_number_mask=9989***5*500 (attempt=1)
[2025-09-29 14:57:03] === ID=39 Region=15 Warehouse=1211 Mask=9989***6*600 ===
[2025-09-29 14:57:04] GET https://nomer.beeline.uz/msapi/web/rms/phone-numbers/?page=0&size=100&warehouse_code=1211&phone_number_mask=9989***6*600 (attempt=1)
[2025-09-29 14:57:04] 429: 2.4s kutilyapti (attempt=1) URL=https://nomer.beeline.uz/msapi/web/rms/phone-numbers/?page=0&size=100&warehouse_code=1211&phone_number_mask=9989***6*600
[2025-09-29 14:57:08] GET https://nomer.beeline.uz/msapi/web/rms/phone-numbers/?page=0&size=100&warehouse_code=1211&phone_number_mask=9989***6*600 (attempt=2)
[2025-09-29 14:57:08] 429: 4.4s kutilyapti (attempt=2) URL=https://nomer.beeline.uz/msapi/web/rms/phone-numbers/?page=0&size=100&warehouse_code=1211&phone_number_mask=9989***6*600
[2025-09-29 14:57:14] GET https://nomer.beeline.uz/msapi/web/rms/phone-numbers/?page=0&size=100&warehouse_code=1211&phone_number_mask=9989***6*600 (attempt=3)
[2025-09-29 14:57:14] 429: 8.2s kutilyapti (attempt=3) URL=https://nomer.beeline.uz/msapi/web/rms/phone-numbers/?page=0&size=100&warehouse_code=1211&phone_number_mask=9989***6*600
[2025-09-29 14:57:24] GET https://nomer.beeline.uz/msapi/web/rms/phone-numbers/?page=0&size=100&warehouse_code=1211&phone_number_mask=9989***6*600 (attempt=4)
[2025-09-29 14:57:27] === ID=40 Region=15 Warehouse=1211 Mask=9989***7*700 ===
[2025-09-29 14:57:30] GET https://nomer.beeline.uz/msapi/web/rms/phone-numbers/?page=0&size=100&warehouse_code=1211&phone_number_mask=9989***7*700 (attempt=1)
[2025-09-29 14:57:34] === ID=41 Region=15 Warehouse=1211 Mask=9989***8*800 ===
[2025-09-29 14:57:35] GET https://nomer.beeline.uz/msapi/web/rms/phone-numbers/?page=0&size=100&warehouse_code=1211&phone_number_mask=9989***8*800 (attempt=1)
[2025-09-29 14:57:40] === ID=42 Region=15 Warehouse=1211 Mask=9989***9*900 ===
[2025-09-29 14:57:40] GET https://nomer.beeline.uz/msapi/web/rms/phone-numbers/?page=0&size=100&warehouse_code=1211&phone_number_mask=9989***9*900 (attempt=1)
